
Primes:
[ 0 0 0 ]
[ 1 0 0 ]
[ 2 1 1 ]
[ 3 1 1 ]
[ 4 0 0 ]
[ 5 1 1 ]
[ 6 0 0 ]
[ 7 1 1 ]
[ 8 0 0 ]
[ 9 0 0 ]
[ 10 0 0 ]
[ 28 0 0 ]
[ 29 1 1 ]
[ 49 0 0 ]
[ 97 1 1 ]
[ 98 0 0 ]
[ 221 0 0 ]
[ 223 1 1 ]
[ 561 0 0 ]
[ 5853 0 0 ]
[ 7727 1 1 ]
[ 7728 0 0 ]
[ 7729 0 0 ]
[ 8191 1 1 ]
[ 8192 0 0 ]
[ 131071 1 1 ]
[ 524287 1 1 ]
[ 6700417 1 1 ]
[ 2147483651 0 ]
[ 2147483647 1 ]

Next Primes:
[ 0 2 ]
[ 1 2 ]
[ 2 3 ]
[ 5 7 ]
[ 47 53 ]
[ 89 97 ]
[ 7727 7741 ]

N-th Primes:
[ 6 13 ]
[ 168 997 ]
[ 169 1009 ]
[ 1000 7919 ]
